# JRE version: OpenJDK Runtime Environment (8.0_202-b03) (build 1.8.0_202-release-1483-b03)
# Java VM: OpenJDK 64-Bit Server VM (25.202-b03 mixed mode windows-amd64 compressed oops)
Heap:
 PSYoungGen      total 76288K, used 5272K [0x000000076af80000, 0x0000000774480000, 0x00000007c0000000)
  eden space 65536K, 8% used [0x000000076af80000,0x000000076b4a6048,0x000000076ef80000)
  from space 10752K, 0% used [0x000000076fa00000,0x000000076fa00000,0x0000000770480000)
  to   space 10752K, 0% used [0x000000076ef80000,0x000000076ef80000,0x000000076fa00000)
 ParOldGen       total 109568K, used 8639K [0x00000006c0e00000, 0x00000006c7900000, 0x000000076af80000)
  object space 109568K, 7% used [0x00000006c0e00000,0x00000006c166fd98,0x00000006c7900000)
 Metaspace       used 22580K, capacity 23018K, committed 23168K, reserved 1069056K
  class space    used 2986K, capacity 3143K, committed 3200K, reserved 1048576K
GC Heap History (6 events):
Event: 1.154 GC heap before
{Heap before GC invocations=1 (full 0):
 PSYoungGen      total 76288K, used 65536K [0x000000076af80000, 0x0000000770480000, 0x00000007c0000000)
  eden space 65536K, 100% used [0x000000076af80000,0x000000076ef80000,0x000000076ef80000)
  from space 10752K, 0% used [0x000000076fa00000,0x000000076fa00000,0x0000000770480000)
  to   space 10752K, 0% used [0x000000076ef80000,0x000000076ef80000,0x000000076fa00000)
 ParOldGen       total 175104K, used 0K [0x00000006c0e00000, 0x00000006cb900000, 0x000000076af80000)
  object space 175104K, 0% used [0x00000006c0e00000,0x00000006c0e00000,0x00000006cb900000)
 Metaspace       used 15987K, capacity 16304K, committed 16384K, reserved 1062912K
  class space    used 1887K, capacity 1990K, committed 2048K, reserved 1048576K
Event: 1.162 GC heap after
Heap after GC invocations=1 (full 0):
 PSYoungGen      total 76288K, used 10736K [0x000000076af80000, 0x0000000770480000, 0x00000007c0000000)
  eden space 65536K, 0% used [0x000000076af80000,0x000000076af80000,0x000000076ef80000)
  from space 10752K, 99% used [0x000000076ef80000,0x000000076f9fc060,0x000000076fa00000)
  to   space 10752K, 0% used [0x000000076fa00000,0x000000076fa00000,0x0000000770480000)
 ParOldGen       total 175104K, used 4640K [0x00000006c0e00000, 0x00000006cb900000, 0x000000076af80000)
  object space 175104K, 2% used [0x00000006c0e00000,0x00000006c1288108,0x00000006cb900000)
 Metaspace       used 15987K, capacity 16304K, committed 16384K, reserved 1062912K
  class space    used 1887K, capacity 1990K, committed 2048K, reserved 1048576K
}
Event: 1.332 GC heap before
{Heap before GC invocations=2 (full 0):
 PSYoungGen      total 76288K, used 28444K [0x000000076af80000, 0x0000000770480000, 0x00000007c0000000)
  eden space 65536K, 27% used [0x000000076af80000,0x000000076c0cb320,0x000000076ef80000)
  from space 10752K, 99% used [0x000000076ef80000,0x000000076f9fc060,0x000000076fa00000)
  to   space 10752K, 0% used [0x000000076fa00000,0x000000076fa00000,0x0000000770480000)
 ParOldGen       total 175104K, used 4640K [0x00000006c0e00000, 0x00000006cb900000, 0x000000076af80000)
  object space 175104K, 2% used [0x00000006c0e00000,0x00000006c1288108,0x00000006cb900000)
 Metaspace       used 20782K, capacity 21142K, committed 21296K, reserved 1067008K
  class space    used 2717K, capacity 2837K, committed 2944K, reserved 1048576K
Event: 1.337 GC heap after
Heap after GC invocations=2 (full 0):
 PSYoungGen      total 76288K, used 8990K [0x000000076af80000, 0x0000000774480000, 0x00000007c0000000)
  eden space 65536K, 0% used [0x000000076af80000,0x000000076af80000,0x000000076ef80000)
  from space 10752K, 83% used [0x000000076fa00000,0x00000007702c7998,0x0000000770480000)
  to   space 10752K, 0% used [0x000000076ef80000,0x000000076ef80000,0x000000076fa00000)
 ParOldGen       total 175104K, used 4712K [0x00000006c0e00000, 0x00000006cb900000, 0x000000076af80000)
  object space 175104K, 2% used [0x00000006c0e00000,0x00000006c129a118,0x00000006cb900000)
 Metaspace       used 20782K, capacity 21142K, committed 21296K, reserved 1067008K
  class space    used 2717K, capacity 2837K, committed 2944K, reserved 1048576K
}
Event: 1.337 GC heap before
{Heap before GC invocations=3 (full 1):
 PSYoungGen      total 76288K, used 8990K [0x000000076af80000, 0x0000000774480000, 0x00000007c0000000)
  eden space 65536K, 0% used [0x000000076af80000,0x000000076af80000,0x000000076ef80000)
  from space 10752K, 83% used [0x000000076fa00000,0x00000007702c7998,0x0000000770480000)
  to   space 10752K, 0% used [0x000000076ef80000,0x000000076ef80000,0x000000076fa00000)
 ParOldGen       total 175104K, used 4712K [0x00000006c0e00000, 0x00000006cb900000, 0x000000076af80000)
  object space 175104K, 2% used [0x00000006c0e00000,0x00000006c129a118,0x00000006cb900000)
 Metaspace       used 20782K, capacity 21142K, committed 21296K, reserved 1067008K
  class space    used 2717K, capacity 2837K, committed 2944K, reserved 1048576K
Event: 1.354 GC heap after
Heap after GC invocations=3 (full 1):
 PSYoungGen      total 76288K, used 0K [0x000000076af80000, 0x0000000774480000, 0x00000007c0000000)
  eden space 65536K, 0% used [0x000000076af80000,0x000000076af80000,0x000000076ef80000)
  from space 10752K, 0% used [0x000000076fa00000,0x000000076fa00000,0x0000000770480000)
  to   space 10752K, 0% used [0x000000076ef80000,0x000000076ef80000,0x000000076fa00000)
 ParOldGen       total 109568K, used 8639K [0x00000006c0e00000, 0x00000006c7900000, 0x000000076af80000)
  object space 109568K, 7% used [0x00000006c0e00000,0x00000006c166fd98,0x00000006c7900000)
 Metaspace       used 20782K, capacity 21142K, committed 21296K, reserved 1067008K
  class space    used 2717K, capacity 2837K, committed 2944K, reserved 1048576K
}

